android/manifest-merger-release-report.txt
-- Merging decision tree log ---
manifest
ADDED from AndroidManifest.xml:2:1
	xmlns:android
		ADDED from AndroidManifest.xml:2:11
	package
		ADDED from AndroidManifest.xml:3:5
	android:versionName
		ADDED from AndroidManifest.xml:5:5
		INJECTED from AndroidManifest.xml:0:0
		INJECTED from AndroidManifest.xml:0:0
	android:versionCode
		ADDED from AndroidManifest.xml:4:5
		INJECTED from AndroidManifest.xml:0:0
		INJECTED from AndroidManifest.xml:0:0
uses-sdk
ADDED from AndroidManifest.xml:7:5
MERGED from com.android.support:support-v4:21.0.0:15:5
MERGED from com.google.android.gms:play-services:6.1.71:15:5
MERGED from com.android.support:support-v4:21.0.0:15:5
MERGED from AndroidManifest.xml:3:13
	android:targetSdkVersion
		ADDED from AndroidManifest.xml:9:9
		INJECTED from AndroidManifest.xml:0:0
		INJECTED from AndroidManifest.xml:0:0
	android:minSdkVersion
		ADDED from AndroidManifest.xml:8:9
		INJECTED from AndroidManifest.xml:0:0
		INJECTED from AndroidManifest.xml:0:0
uses-feature#0x00020000
ADDED from AndroidManifest.xml:11:5
	android:required
		ADDED from AndroidManifest.xml:13:9
	android:glEsVersion
		ADDED from AndroidManifest.xml:12:9
uses-feature#android.software.live_wallpaper
ADDED from AndroidManifest.xml:14:5
	android:name
		ADDED from AndroidManifest.xml:14:19
uses-permission#android.permission.INTERNET
ADDED from AndroidManifest.xml:16:5
	android:name
		ADDED from AndroidManifest.xml:16:22
uses-permission#android.permission.ACCESS_NETWORK_STATE
ADDED from AndroidManifest.xml:17:5
	android:name
		ADDED from AndroidManifest.xml:17:22
uses-permission#android.permission.CHANGE_NETWORK_STATE
ADDED from AndroidManifest.xml:18:5
	android:name
		ADDED from AndroidManifest.xml:18:22
uses-permission#android.permission.WRITE_EXTERNAL_STORAGE
ADDED from AndroidManifest.xml:19:5
	android:name
		ADDED from AndroidManifest.xml:19:22
uses-permission#android.permission.READ_EXTERNAL_STORAGE
ADDED from AndroidManifest.xml:20:5
	android:name
		ADDED from AndroidManifest.xml:20:22
uses-permission#android.permission.WAKE_LOCK
ADDED from AndroidManifest.xml:21:5
	android:name
		ADDED from AndroidManifest.xml:21:22
android:uses-permission#android.permission.READ_PHONE_STATE
ADDED from AndroidManifest.xml:23:5
	android:name
		ADDED from AndroidManifest.xml:23:30
application
ADDED from AndroidManifest.xml:30:5
MERGED from com.android.support:support-v4:21.0.0:16:5
MERGED from com.google.android.gms:play-services:6.1.71:16:5
MERGED from com.android.support:support-v4:21.0.0:16:5
MERGED from AndroidManifest.xml:4:5
	android:label
		ADDED from AndroidManifest.xml:34:9
	android:icon
		ADDED from AndroidManifest.xml:33:9
	android:theme
		ADDED from AndroidManifest.xml:36:9
	android:hardwareAccelerated
		ADDED from AndroidManifest.xml:32:9
	android:largeHeap
		ADDED from AndroidManifest.xml:35:9
	android:name
		ADDED from AndroidManifest.xml:31:9
meta-data#com.google.android.gms.version
ADDED from AndroidManifest.xml:41:9
	android:name
		ADDED from AndroidManifest.xml:42:13
	android:value
		ADDED from AndroidManifest.xml:43:13
activity#com.schef.rss.android.AndroidLauncher
ADDED from AndroidManifest.xml:45:9
	android:screenOrientation
		ADDED from AndroidManifest.xml:50:13
	android:label
		ADDED from AndroidManifest.xml:48:13
	android:configChanges
		ADDED from AndroidManifest.xml:47:13
	android:name
		ADDED from AndroidManifest.xml:46:13
	android:launchMode
		ADDED from AndroidManifest.xml:49:13
intent-filter#android.intent.action.MAIN+android.intent.category.LAUNCHER
ADDED from AndroidManifest.xml:51:13
action#android.intent.action.MAIN
ADDED from AndroidManifest.xml:52:17
	android:name
		ADDED from AndroidManifest.xml:52:25
category#android.intent.category.LAUNCHER
ADDED from AndroidManifest.xml:54:17
	android:name
		ADDED from AndroidManifest.xml:54:27
activity#com.schef.rss.android.WebViewActivity
ADDED from AndroidManifest.xml:58:9
	android:screenOrientation
		ADDED from AndroidManifest.xml:65:13
	android:noHistory
		ADDED from AndroidManifest.xml:64:13
	android:label
		ADDED from AndroidManifest.xml:62:13
	android:configChanges
		ADDED from AndroidManifest.xml:60:13
	android:name
		ADDED from AndroidManifest.xml:59:13
	android:finishOnTaskLaunch
		ADDED from AndroidManifest.xml:61:13
	android:launchMode
		ADDED from AndroidManifest.xml:63:13
activity#com.schef.rss.android.SettingsActivity
ADDED from AndroidManifest.xml:68:9
	android:screenOrientation
		ADDED from AndroidManifest.xml:72:13
	android:configChanges
		ADDED from AndroidManifest.xml:70:13
	android:name
		ADDED from AndroidManifest.xml:69:13
service#com.schef.rss.android.ArsDataFetcherService
ADDED from AndroidManifest.xml:75:9
	android:exported
		ADDED from AndroidManifest.xml:78:13
	android:enabled
		ADDED from AndroidManifest.xml:77:13
	android:name
		ADDED from AndroidManifest.xml:76:13
service#com.schef.rss.android.LiveWallpaper
ADDED from AndroidManifest.xml:79:9
	android:label
		ADDED from AndroidManifest.xml:82:13
	android:icon
		ADDED from AndroidManifest.xml:81:13
	android:permission
		ADDED from AndroidManifest.xml:83:13
	android:name
		ADDED from AndroidManifest.xml:80:13
intent-filter#android.service.wallpaper.WallpaperService
ADDED from AndroidManifest.xml:84:13
action#android.service.wallpaper.WallpaperService
ADDED from AndroidManifest.xml:85:17
	android:name
		ADDED from AndroidManifest.xml:85:25
meta-data#android.service.wallpaper
ADDED from AndroidManifest.xml:88:13
	android:resource
		ADDED from AndroidManifest.xml:90:17
	android:name
		ADDED from AndroidManifest.xml:89:17
receiver#com.amazon.device.iap.ResponseReceiver
ADDED from AndroidManifest.xml:93:9
	android:name
		ADDED from AndroidManifest.xml:93:19
intent-filter#com.amazon.inapp.purchasing.NOTIFY
ADDED from AndroidManifest.xml:94:13
action#com.amazon.inapp.purchasing.NOTIFY
ADDED from AndroidManifest.xml:95:17
	android:permission
		ADDED from AndroidManifest.xml:97:21
	android:name
		ADDED from AndroidManifest.xml:96:21
service#com.schef.rss.android.ArsWearListener
ADDED from AndroidManifest.xml:101:9
	android:name
		ADDED from AndroidManifest.xml:101:18
intent-filter#com.google.android.gms.wearable.BIND_LISTENER
ADDED from AndroidManifest.xml:102:13
action#com.google.android.gms.wearable.BIND_LISTENER
ADDED from AndroidManifest.xml:103:17
	android:name
		ADDED from AndroidManifest.xml:103:25
meta-data#com.google.android.wearable.beta.app
ADDED from AndroidManifest.xml:5:9
	android:resource
		ADDED from AndroidManifest.xml:6:20
	android:name
		ADDED from AndroidManifest.xml:5:20